DEBUG:root:Order:2 3 10.0
DEBUG:root:Finish turn

DEBUG:root:Order:2 4 10.0
DEBUG:root:Finish turn

DEBUG:root:Order:2 19 15.0
DEBUG:root:Finish turn

DEBUG:root:Order:2 20 15.0
DEBUG:root:Order:2 4 10
DEBUG:root:Finish turn

DEBUG:root:Order:2 15 20.0
DEBUG:root:Bad order:4 3.0 5
DEBUG:root:Finish turn

DEBUG:root:Order:2 16 20.0
DEBUG:root:Order:4 2 9
DEBUG:root:Finish turn

DEBUG:root:Order:2 0 26.0
DEBUG:root:Bad order:4 8.0 16
DEBUG:root:Finish turn

DEBUG:root:Bad order:19 1.0 17
DEBUG:root:Bad order:19 1.0 17
DEBUG:root:Finish turn

DEBUG:root:Bad order:19 2.0 12
DEBUG:root:Order:4 2 1
DEBUG:root:Finish turn

DEBUG:root:Bad order:19 3.0 11
DEBUG:root:Finish turn

DEBUG:root:Order:19 2 4
DEBUG:root:Order:4 2 2
DEBUG:root:Finish turn

DEBUG:root:Bad order:15 1.0 4
DEBUG:root:Bad order:15 1.0 3
DEBUG:root:Bad order:15 1.0 2
DEBUG:root:Finish turn

DEBUG:root:Order:2 9 40.0
DEBUG:root:Bad order:15 4.0 21
DEBUG:root:Order:4 2 7
DEBUG:root:Finish turn

DEBUG:root:Bad order:15 7.0 17
DEBUG:root:Order:15 19 7
DEBUG:root:Finish turn

DEBUG:root:Bad order:15 3.0 14
DEBUG:root:Order:15 19 1
DEBUG:root:Bad order:15 2.0 17
DEBUG:root:Finish turn

DEBUG:root:Bad order:15 5.0 12
DEBUG:root:Order:15 19 2
DEBUG:root:Order:15 4 1
DEBUG:root:Finish turn

DEBUG:root:Bad order:15 5.0 9
DEBUG:root:Bad order:15 5.0 7
DEBUG:root:Finish turn

DEBUG:root:Order:2 10 40.0
DEBUG:root:Bad order:15 8.0 26
DEBUG:root:Order:4 2 10
DEBUG:root:Finish turn

DEBUG:root:Bad order:15 11.0 23
DEBUG:root:Order:15 19 3
DEBUG:root:Bad order:15 8.0 26
DEBUG:root:Finish turn

DEBUG:root:Bad order:15 11.0 21
DEBUG:root:Order:15 19 2
DEBUG:root:Order:15 4 1
DEBUG:root:Finish turn

DEBUG:root:Bad order:15 11.0 19
DEBUG:root:Bad order:0 1.0 9
DEBUG:root:Finish turn

DEBUG:root:Bad order:15 14.0 17
DEBUG:root:Order:15 19 4
DEBUG:root:Order:15 4 2
DEBUG:root:Finish turn

DEBUG:root:Bad order:15 11.0 13
DEBUG:root:Order:15 0 4
DEBUG:root:Bad order:15 7.0 16
DEBUG:root:Finish turn

DEBUG:root:Order:15 2 10
DEBUG:root:Bad order:15 0.0 9
DEBUG:root:Bad order:15 0.0 1
DEBUG:root:Finish turn

DEBUG:root:Order:2 5 46.0
DEBUG:root:Bad order:9 3.0 13
DEBUG:root:Bad order:15 3.0 13
DEBUG:root:Order:4 2 9
DEBUG:root:Order:19 2 6
DEBUG:root:Finish turn

DEBUG:root:Bad order:15 6.0 14
DEBUG:root:Bad order:9 5.0 13
DEBUG:root:Finish turn

DEBUG:root:Bad order:15 9.0 13
DEBUG:root:Bad order:15 9.0 12
DEBUG:root:Order:15 19 1
DEBUG:root:Finish turn

DEBUG:root:Bad order:15 11.0 19
DEBUG:root:Bad order:9 9.0 17
DEBUG:root:Order:4 0 4
DEBUG:root:Order:19 0 2
DEBUG:root:Finish turn

DEBUG:root:Bad order:15 14.0 19
DEBUG:root:Bad order:9 11.0 16
DEBUG:root:Finish turn

DEBUG:root:Bad order:15 17.0 19
DEBUG:root:Bad order:9 13.0 15
DEBUG:root:Bad order:5 1.0 3
DEBUG:root:Bad order:16 1.0 3
DEBUG:root:Finish turn

DEBUG:root:Bad order:15 20.0 24
DEBUG:root:Bad order:9 15.0 19
DEBUG:root:Bad order:5 6.0 10
DEBUG:root:Order:4 0 2
DEBUG:root:Finish turn

DEBUG:root:Bad order:15 23.0 25
DEBUG:root:Bad order:9 17.0 19
DEBUG:root:Bad order:5 11.0 13
DEBUG:root:Finish turn

DEBUG:root:Order:15 0 26
DEBUG:root:Order:9 0 4
DEBUG:root:Bad order:9 15.0 19
DEBUG:root:Order:5 16 16
DEBUG:root:Finish turn

DEBUG:root:Order:9 16 9
DEBUG:root:Bad order:9 8.0 9
DEBUG:root:Order:9 0 2
DEBUG:root:Bad order:9 6.0 14
DEBUG:root:Order:2 4 2
DEBUG:root:Order:5 4 2
DEBUG:root:Finish turn

DEBUG:root:Order:2 19 4
DEBUG:root:Order:4 19 4
DEBUG:root:Order:5 19 4
DEBUG:root:Order:9 19 4
DEBUG:root:Order:15 19 2
DEBUG:root:Order:15 0 1
DEBUG:root:Finish turn

DEBUG:root:Order:2 19 2
DEBUG:root:Order:5 19 2
DEBUG:root:Order:16 19 1
DEBUG:root:Finish turn

DEBUG:root:Order:5 19 3
DEBUG:root:Order:5 4 3
DEBUG:root:Order:2 4 1
DEBUG:root:Finish turn

DEBUG:root:Order:4 2 1
DEBUG:root:Order:4 19 1
DEBUG:root:Order:4 9 3
DEBUG:root:Order:15 9 1
DEBUG:root:Finish turn

DEBUG:root:Order:5 2 3
DEBUG:root:Order:9 2 1
DEBUG:root:Order:9 4 1
DEBUG:root:Order:9 19 1
DEBUG:root:Finish turn

DEBUG:root:Order:5 19 4
DEBUG:root:Order:2 19 3
DEBUG:root:Order:15 19 3
DEBUG:root:Order:9 19 1
DEBUG:root:Finish turn

DEBUG:root:Order:5 2 3
DEBUG:root:Order:15 2 1
DEBUG:root:Finish turn

DEBUG:root:Order:5 19 5
DEBUG:root:Order:2 19 3
DEBUG:root:Order:10 19 3
DEBUG:root:Order:15 19 3
DEBUG:root:Order:4 19 2
DEBUG:root:Order:9 19 2
DEBUG:root:Finish turn

DEBUG:root:Order:2 10 8
DEBUG:root:Order:5 10 8
DEBUG:root:Order:15 10 6
DEBUG:root:Order:4 10 5
DEBUG:root:Order:9 10 5
DEBUG:root:Finish turn

DEBUG:root:Order:0 10 16
DEBUG:root:Order:2 10 5
DEBUG:root:Order:5 10 5
DEBUG:root:Order:15 10 3
DEBUG:root:Order:4 10 2
DEBUG:root:Order:9 10 2
DEBUG:root:Order:19 10 1
DEBUG:root:Finish turn

DEBUG:root:Order:2 10 8
DEBUG:root:Order:5 10 8
DEBUG:root:Order:15 10 6
DEBUG:root:Order:4 10 5
DEBUG:root:Order:9 10 5
DEBUG:root:Order:0 10 4
DEBUG:root:Order:19 10 4
DEBUG:root:Finish turn

DEBUG:root:Order:5 2 5
DEBUG:root:Order:15 2 3
DEBUG:root:Order:4 2 2
DEBUG:root:Order:9 2 2
DEBUG:root:Order:9 10 2
DEBUG:root:Finish turn

DEBUG:root:Order:2 9 2
DEBUG:root:Order:2 0 2
DEBUG:root:Order:5 0 2
DEBUG:root:Finish turn

DEBUG:root:Order:5 19 2
DEBUG:root:Order:5 4 1
DEBUG:root:Order:5 9 1
DEBUG:root:Order:5 10 1
DEBUG:root:Finish turn

DEBUG:root:Order:2 19 1
DEBUG:root:Order:2 4 3
DEBUG:root:Order:15 4 1
DEBUG:root:Finish turn

DEBUG:root:Order:4 19 2
DEBUG:root:Order:4 0 1
DEBUG:root:Order:4 9 1
DEBUG:root:Finish turn

DEBUG:root:Order:2 11 54.0
DEBUG:root:Order:5 2 15
DEBUG:root:Order:15 2 11
DEBUG:root:Order:9 2 9
DEBUG:root:Order:4 2 4
DEBUG:root:Order:4 0 8
DEBUG:root:Order:19 0 3
DEBUG:root:Finish turn

DEBUG:root:Order:19 0 8
DEBUG:root:Order:5 0 7
DEBUG:root:Order:2 0 6
DEBUG:root:Order:15 0 5
DEBUG:root:Order:9 0 4
DEBUG:root:Finish turn

DEBUG:root:Order:2 19 6
DEBUG:root:Order:5 19 6
DEBUG:root:Order:15 19 4
DEBUG:root:Order:4 19 3
DEBUG:root:Order:9 19 3
DEBUG:root:Order:0 19 1
DEBUG:root:Finish turn

DEBUG:root:Order:2 11 9
DEBUG:root:Order:5 11 9
DEBUG:root:Order:15 11 7
DEBUG:root:Order:4 11 6
DEBUG:root:Order:9 11 6
DEBUG:root:Order:0 11 1
DEBUG:root:Order:0 19 5
DEBUG:root:Finish turn

DEBUG:root:Order:2 0 2
DEBUG:root:Order:2 19 2
DEBUG:root:Order:2 4 2
DEBUG:root:Order:5 4 2
DEBUG:root:Finish turn

DEBUG:root:Order:4 19 3
DEBUG:root:Order:5 19 3
DEBUG:root:Order:11 19 2
DEBUG:root:Order:15 19 1
DEBUG:root:Finish turn

DEBUG:root:Order:5 0 2
DEBUG:root:Order:2 0 1
DEBUG:root:Order:2 19 1
DEBUG:root:Order:11 19 1
DEBUG:root:Finish turn

DEBUG:root:Order:5 9 10
DEBUG:root:Order:2 9 9
DEBUG:root:Order:11 9 9
DEBUG:root:Order:15 9 8
DEBUG:root:Order:4 9 6
DEBUG:root:Order:0 9 5
DEBUG:root:Order:19 9 4
DEBUG:root:Finish turn

DEBUG:root:Order:2 9 2
DEBUG:root:Order:5 9 2
DEBUG:root:Order:11 9 1
DEBUG:root:Finish turn

DEBUG:root:Order:2 19 2
DEBUG:root:Order:5 19 1
DEBUG:root:Order:5 9 2
DEBUG:root:Order:5 4 1
DEBUG:root:Finish turn

DEBUG:root:Order:2 19 2
DEBUG:root:Order:2 4 1
DEBUG:root:Order:2 9 1
DEBUG:root:Finish turn

DEBUG:root:Order:2 12 54.0
DEBUG:root:Order:11 2 11
DEBUG:root:Order:5 2 10
DEBUG:root:Order:15 2 8
DEBUG:root:Order:4 2 6
DEBUG:root:Order:9 2 6
DEBUG:root:Order:19 2 4
DEBUG:root:Order:19 0 3
DEBUG:root:Finish turn

DEBUG:root:Order:5 19 2
DEBUG:root:Order:2 19 1
DEBUG:root:Order:2 4 1
DEBUG:root:Order:11 4 1
DEBUG:root:Finish turn

DEBUG:root:Order:5 11 4
DEBUG:root:Order:2 11 3
DEBUG:root:Order:4 11 2
DEBUG:root:Order:15 11 2
DEBUG:root:Order:15 19 2
DEBUG:root:Finish turn

DEBUG:root:Order:2 19 4
DEBUG:root:Order:5 19 4
DEBUG:root:Order:11 19 2
DEBUG:root:Order:4 19 1
DEBUG:root:Order:9 19 1
DEBUG:root:Finish turn

DEBUG:root:Order:2 11 4
DEBUG:root:Order:5 11 3
DEBUG:root:Order:5 19 4
DEBUG:root:Order:15 19 1
DEBUG:root:Finish turn

DEBUG:root:Order:11 13 62.0
DEBUG:root:Order:2 11 13
DEBUG:root:Order:15 11 12
DEBUG:root:Order:4 11 11
DEBUG:root:Order:9 11 11
DEBUG:root:Order:5 11 9
DEBUG:root:Order:5 0 10
DEBUG:root:Order:19 0 2
DEBUG:root:Finish turn

DEBUG:root:Order:19 14 62.0
DEBUG:root:Bad order:10 6.0 34
DEBUG:root:Order:2 19 7
DEBUG:root:Order:15 19 5
DEBUG:root:Order:4 19 4
DEBUG:root:Order:9 19 4
DEBUG:root:Finish turn

DEBUG:root:Order:10 19 10
DEBUG:root:Order:2 19 6
DEBUG:root:Order:5 19 4
DEBUG:root:Order:15 19 4
DEBUG:root:Order:4 19 3
DEBUG:root:Order:9 19 2
DEBUG:root:Order:9 0 1
DEBUG:root:Finish turn

DEBUG:root:Order:2 10 8
DEBUG:root:Order:5 10 8
DEBUG:root:Order:15 10 6
DEBUG:root:Order:4 10 5
DEBUG:root:Order:9 10 5
DEBUG:root:Order:0 10 3
DEBUG:root:Order:19 10 3
DEBUG:root:Order:11 10 1
DEBUG:root:Finish turn

DEBUG:root:Order:2 10 8
DEBUG:root:Order:5 10 8
DEBUG:root:Order:11 10 7
DEBUG:root:Order:15 10 6
DEBUG:root:Order:4 10 5
DEBUG:root:Order:9 10 5
DEBUG:root:Order:0 10 4
DEBUG:root:Order:19 10 4
DEBUG:root:Finish turn

DEBUG:root:Bad order:2 1.0 2
DEBUG:root:Order:5 10 2
DEBUG:root:Order:11 10 1
DEBUG:root:Finish turn

DEBUG:root:Order:9 7 64.0
DEBUG:root:Order:2 9 12
DEBUG:root:Order:5 9 10
DEBUG:root:Order:11 9 9
DEBUG:root:Order:15 9 8
DEBUG:root:Order:4 9 6
DEBUG:root:Order:10 9 4
DEBUG:root:Order:19 9 4
DEBUG:root:Finish turn

DEBUG:root:Order:2 9 2
DEBUG:root:Order:5 9 2
DEBUG:root:Order:11 9 1
DEBUG:root:Order:11 19 1
DEBUG:root:Order:11 4 1
DEBUG:root:Finish turn

DEBUG:root:Order:2 19 4
DEBUG:root:Order:5 19 4
DEBUG:root:Order:15 19 2
DEBUG:root:Order:4 19 1
DEBUG:root:Order:11 19 1
DEBUG:root:Finish turn

DEBUG:root:Order:2 10 3
DEBUG:root:Order:5 10 2
DEBUG:root:Order:5 19 3
DEBUG:root:Order:11 19 1
DEBUG:root:Finish turn

DEBUG:root:Order:2 19 1
DEBUG:root:Order:11 19 1
DEBUG:root:Order:11 4 1
DEBUG:root:Order:11 9 1
DEBUG:root:Order:11 5 1
DEBUG:root:Finish turn

DEBUG:root:Order:2 11 7
DEBUG:root:Order:5 11 7
DEBUG:root:Order:15 11 5
DEBUG:root:Order:4 11 3
DEBUG:root:Order:9 11 3
DEBUG:root:Order:19 11 1
DEBUG:root:Order:19 14 2
DEBUG:root:Finish turn

DEBUG:root:Order:2 14 3
DEBUG:root:Order:5 14 3
DEBUG:root:Order:11 14 1
DEBUG:root:Order:15 14 1
DEBUG:root:Order:15 19 1
DEBUG:root:Finish turn

DEBUG:root:Order:2 11 3
DEBUG:root:Order:5 11 2
DEBUG:root:Order:5 19 1
DEBUG:root:Finish turn

DEBUG:root:Order:2 19 1
DEBUG:root:Order:5 19 1
DEBUG:root:Order:14 19 1
DEBUG:root:Order:14 4 1
DEBUG:root:Order:14 11 1
DEBUG:root:Finish turn

DEBUG:root:Order:11 8 64.0
DEBUG:root:Order:2 11 14
DEBUG:root:Order:5 11 14
DEBUG:root:Order:15 11 11
DEBUG:root:Order:4 11 10
DEBUG:root:Order:19 11 2
DEBUG:root:Order:19 14 7
DEBUG:root:Finish turn

DEBUG:root:Bad order:2 12.0 13
DEBUG:root:Bad order:5 11.0 13
DEBUG:root:Order:11 13 12
DEBUG:root:Order:14 13 12
DEBUG:root:Bad order:15 10.0 11
DEBUG:root:Bad order:4 8.0 10
DEBUG:root:Order:19 13 9
DEBUG:root:Finish turn

DEBUG:root:Bad order:9 10.0 11
DEBUG:root:Order:9 11 8
DEBUG:root:Bad order:9 2.0 8
DEBUG:root:Bad order:9 2.0 14
DEBUG:root:Order:2 4 5
DEBUG:root:Order:5 4 5
DEBUG:root:Order:15 4 1
DEBUG:root:Finish turn

DEBUG:root:Bad order:4 12.0 16
DEBUG:root:Bad order:9 7.0 12
DEBUG:root:Order:2 19 9
DEBUG:root:Order:5 19 9
DEBUG:root:Order:11 19 7
DEBUG:root:Order:15 19 7
DEBUG:root:Finish turn

DEBUG:root:Order:4 19 16
DEBUG:root:Bad order:9 9.0 12
DEBUG:root:Order:2 19 3
DEBUG:root:Order:5 19 3
DEBUG:root:Order:11 19 2
DEBUG:root:Order:15 19 1
DEBUG:root:Finish turn

DEBUG:root:Bad order:9 11.0 12
DEBUG:root:Order:2 11 3
DEBUG:root:Order:5 11 3
DEBUG:root:Order:15 11 1
DEBUG:root:Finish turn

DEBUG:root:Order:9 11 12
DEBUG:root:Bad order:9 10.0 11
DEBUG:root:Order:9 19 5
DEBUG:root:Finish turn

DEBUG:root:Order:2 7 7
DEBUG:root:Order:5 7 7
DEBUG:root:Order:15 7 3
DEBUG:root:Order:4 7 1
DEBUG:root:Order:4 9 1
DEBUG:root:Order:11 9 1
DEBUG:root:Finish turn

DEBUG:root:Order:2 8 5
DEBUG:root:Order:5 8 5
DEBUG:root:Order:11 8 3
DEBUG:root:Order:11 7 4
DEBUG:root:Order:15 7 2
DEBUG:root:Order:15 19 3
DEBUG:root:Order:4 19 1
DEBUG:root:Finish turn

DEBUG:root:Order:2 7 2
DEBUG:root:Order:2 8 2
DEBUG:root:Order:2 11 2
DEBUG:root:Order:2 15 1
DEBUG:root:Order:2 4 2
DEBUG:root:Order:5 4 2
DEBUG:root:Order:19 4 1
DEBUG:root:Finish turn

DEBUG:root:Order:4 19 6
DEBUG:root:Order:5 19 5
DEBUG:root:Order:11 19 3
DEBUG:root:Order:15 19 2
DEBUG:root:Order:9 19 1
DEBUG:root:Finish turn

DEBUG:root:Order:19 17 69.0
DEBUG:root:Order:5 19 13
DEBUG:root:Order:11 19 12
DEBUG:root:Order:2 19 11
DEBUG:root:Order:15 19 11
DEBUG:root:Order:4 19 10
DEBUG:root:Bad order:8 4.0 6
DEBUG:root:Bad order:8 4.0 7
DEBUG:root:Finish turn

DEBUG:root:Bad order:8 5.0 9
DEBUG:root:Order:2 19 4
DEBUG:root:Order:5 19 4
DEBUG:root:Order:11 19 3
DEBUG:root:Order:15 19 2
DEBUG:root:Order:4 19 1
DEBUG:root:Finish turn

DEBUG:root:Order:2 8 5
DEBUG:root:Order:5 8 5
DEBUG:root:Order:5 19 5
DEBUG:root:Order:11 19 2
DEBUG:root:Order:11 9 4
DEBUG:root:Finish turn

DEBUG:root:Bad order:10 4.0 8
DEBUG:root:Order:15 8 6
DEBUG:root:Order:2 8 5
DEBUG:root:Order:4 8 4
DEBUG:root:Order:11 8 2
DEBUG:root:Order:9 8 1
DEBUG:root:Finish turn

DEBUG:root:Order:2 8 5
DEBUG:root:Order:5 8 5
DEBUG:root:Order:11 8 2
DEBUG:root:Order:11 10 4
DEBUG:root:Order:15 10 3
DEBUG:root:Order:4 10 2
DEBUG:root:Order:9 10 1
DEBUG:root:Finish turn

DEBUG:root:Order:2 10 6
DEBUG:root:Order:5 10 6
DEBUG:root:Order:9 10 4
DEBUG:root:Order:15 10 4
DEBUG:root:Order:4 10 3
DEBUG:root:Order:11 10 3
DEBUG:root:Order:19 10 3
DEBUG:root:Order:8 10 1
DEBUG:root:Finish turn

DEBUG:root:Order:19 18 69.0
DEBUG:root:Order:2 19 14
DEBUG:root:Order:5 19 14
DEBUG:root:Order:11 19 13
DEBUG:root:Order:15 19 12
DEBUG:root:Order:4 19 5
DEBUG:root:Bad order:4 7.0 11
DEBUG:root:Bad order:9 7.0 11
DEBUG:root:Order:8 10 10
DEBUG:root:Finish turn

DEBUG:root:Order:4 10 6
DEBUG:root:Order:2 10 3
DEBUG:root:Order:5 10 3
DEBUG:root:Order:11 10 2
DEBUG:root:Order:15 10 1
DEBUG:root:Finish turn

DEBUG:root:Order:2 9 4
DEBUG:root:Order:5 9 4
DEBUG:root:Order:11 9 3
DEBUG:root:Order:15 9 2
DEBUG:root:Order:4 9 1
DEBUG:root:Order:4 19 1
DEBUG:root:Order:4 8 1
DEBUG:root:Finish turn

DEBUG:root:Order:2 19 8
DEBUG:root:Order:5 19 8
DEBUG:root:Order:11 19 7
DEBUG:root:Order:15 19 6
DEBUG:root:Order:8 19 4
DEBUG:root:Order:9 19 4
DEBUG:root:Order:10 19 4
DEBUG:root:Order:4 19 3
DEBUG:root:Finish turn

DEBUG:root:Order:2 17 2
DEBUG:root:Order:5 17 1
DEBUG:root:Order:5 8 1
DEBUG:root:Order:5 19 1
DEBUG:root:Order:5 4 2
DEBUG:root:Order:11 4 1
DEBUG:root:Finish turn

DEBUG:root:Order:19 21 76.0
DEBUG:root:Bad order:2 9.0 12
DEBUG:root:Bad order:4 5.0 11
DEBUG:root:Order:11 19 11
DEBUG:root:Bad order:15 7.0 10
DEBUG:root:Bad order:5 6.0 9
DEBUG:root:Order:9 19 8
DEBUG:root:Order:8 19 7
DEBUG:root:Finish turn

DEBUG:root:Order:2 19 13
DEBUG:root:Order:5 19 10
DEBUG:root:Bad order:4 7.0 9
DEBUG:root:Order:15 19 9
DEBUG:root:Finish turn

DEBUG:root:Bad order:4 9.0 14
DEBUG:root:Bad order:2 6.0 8
DEBUG:root:Bad order:5 6.0 8
DEBUG:root:Bad order:15 4.0 6
DEBUG:root:Finish turn

DEBUG:root:Bad order:4 14.0 15
DEBUG:root:Bad order:2 11.0 12
DEBUG:root:Bad order:15 7.0 8
DEBUG:root:Order:5 11 1
DEBUG:root:Finish turn

DEBUG:root:Order:2 11 15
DEBUG:root:Order:4 11 15
DEBUG:root:Order:15 11 1
DEBUG:root:Order:15 19 9
DEBUG:root:Order:5 19 1
DEBUG:root:Order:5 8 1
DEBUG:root:Finish turn

DEBUG:root:Order:5 11 3
DEBUG:root:Order:5 8 1
DEBUG:root:Order:5 19 1
DEBUG:root:Finish turn

DEBUG:root:Order:2 19 10
DEBUG:root:Order:5 19 6
DEBUG:root:Order:11 19 5
DEBUG:root:Order:15 19 5
DEBUG:root:Order:4 19 4
DEBUG:root:Order:8 19 2
DEBUG:root:Finish turn

DEBUG:root:Order:2 19 3
DEBUG:root:Order:5 19 3
DEBUG:root:Order:5 18 2
DEBUG:root:Order:5 8 3
DEBUG:root:Order:11 8 2
DEBUG:root:Order:15 8 1
DEBUG:root:Finish turn

DEBUG:root:Order:8 19 4
DEBUG:root:Order:2 19 3
DEBUG:root:Order:11 19 2
DEBUG:root:Order:18 19 2
DEBUG:root:Order:18 5 1
DEBUG:root:Finish turn

DEBUG:root:Order:19 22 76.0
DEBUG:root:Bad order:2 10.0 19
DEBUG:root:Order:5 19 18
DEBUG:root:Order:11 19 18
DEBUG:root:Bad order:15 9.0 18
DEBUG:root:Bad order:18 7.0 18
DEBUG:root:Order:8 19 15
DEBUG:root:Finish turn

DEBUG:root:Bad order:2 15.0 29
DEBUG:root:Bad order:18 12.0 28
DEBUG:root:Bad order:15 12.0 26
DEBUG:root:Order:11 4 9
DEBUG:root:Order:8 4 6
DEBUG:root:Finish turn

DEBUG:root:Bad order:2 20.0 39
DEBUG:root:Bad order:15 15.0 34
DEBUG:root:Order:11 4 9
DEBUG:root:Order:8 4 6
DEBUG:root:Finish turn

DEBUG:root:Bad order:2 25.0 43
DEBUG:root:Bad order:15 18.0 36
DEBUG:root:Finish turn

DEBUG:root:Bad order:2 30.0 43
DEBUG:root:Bad order:15 21.0 34
DEBUG:root:Bad order:21 1.0 14
DEBUG:root:Finish turn

DEBUG:root:Bad order:2 35.0 50
DEBUG:root:Bad order:15 24.0 39
DEBUG:root:Order:18 4 2
DEBUG:root:Finish turn

DEBUG:root:Bad order:2 40.0 59
DEBUG:root:Bad order:15 27.0 46
DEBUG:root:Order:18 21 9
DEBUG:root:Order:19 21 3
DEBUG:root:Finish turn

DEBUG:root:Bad order:2 45.0 68
DEBUG:root:Bad order:15 30.0 53
DEBUG:root:Order:19 21 5
DEBUG:root:Order:11 21 3
DEBUG:root:Finish turn

DEBUG:root:Bad order:2 50.0 76
DEBUG:root:Bad order:15 33.0 59
DEBUG:root:Bad order:22 1.0 27
DEBUG:root:Order:11 4 7
DEBUG:root:Order:19 4 4
DEBUG:root:Finish turn

DEBUG:root:Bad order:2 55.0 86
DEBUG:root:Bad order:2 55.0 59
DEBUG:root:Finish turn

DEBUG:root:Bad order:2 60.0 98
DEBUG:root:Bad order:22 7.0 45
DEBUG:root:Order:11 21 20
DEBUG:root:Order:19 21 14
DEBUG:root:Order:15 21 9
DEBUG:root:Finish turn

DEBUG:root:Bad order:2 65.0 76
DEBUG:root:Order:2 21 58
DEBUG:root:Bad order:2 7.0 32
DEBUG:root:Finish turn

DEBUG:root:Bad order:2 12.0 58
DEBUG:root:Order:11 4 16
DEBUG:root:Order:15 4 14
DEBUG:root:Order:21 4 9
DEBUG:root:Finish turn

DEBUG:root:Bad order:2 17.0 56
DEBUG:root:Bad order:2 17.0 20
DEBUG:root:Order:2 19 17
DEBUG:root:Finish turn

DEBUG:root:Bad order:2 5.0 53
DEBUG:root:Bad order:2 5.0 23
DEBUG:root:Finish turn

DEBUG:root:Bad order:2 10.0 38
DEBUG:root:Order:2 19 10
DEBUG:root:Bad order:2 0.0 3
DEBUG:root:Finish turn

DEBUG:root:Order:15 4 11
DEBUG:root:Bad order:2 5.0 10
DEBUG:root:Order:19 4 5
DEBUG:root:Order:22 4 4
DEBUG:root:Finish turn

DEBUG:root:Bad order:2 10.0 12
DEBUG:root:Order:2 19 1
DEBUG:root:Finish turn

DEBUG:root:Bad order:2 14.0 25
DEBUG:root:Order:19 22 9
DEBUG:root:Finish turn

DEBUG:root:Bad order:2 19.0 22
DEBUG:root:Order:2 4 9
DEBUG:root:Finish turn

DEBUG:root:Order:4 22 37
DEBUG:root:Finish turn

DEBUG:root:Finish turn

DEBUG:root:Order:4 22 28
DEBUG:root:Finish turn

DEBUG:root:Finish turn

DEBUG:root:Finish turn

DEBUG:root:Finish turn

DEBUG:root:Finish turn

DEBUG:root:Finish turn

DEBUG:root:Finish turn

DEBUG:root:Finish turn

DEBUG:root:Finish turn

DEBUG:root:Finish turn

